number,value,datetime_start,datetime_complete,duration,params_model__colsample_bytree,params_model__learning_rate,params_model__max_depth,params_model__min_child_weight,params_model__n_estimators,user_attrs_desvio_cv,system_attrs_tpe:relative_params:0,state
0,0.9456515142895071,2026-10-01 18:20:25.500900,2026-10-01 18:20:25.550893,0 days 00:00:00.049993,0.7468055921327309,0.1785436060870726,4,3,100,0.06170733115976404,,COMPLETE
1,0.9165782200400611,2026-10-01 18:20:25.550925,2026-10-01 18:20:25.616424,0 days 00:00:00.065499,0.9124217733388136,0.022861967752626437,5,4,80,0.07650083106634865,,COMPLETE
2,0.9456515142895071,2026-10-01 18:20:25.616461,2026-10-01 18:20:25.658660,0 days 00:00:00.042199,0.7545474901621302,0.18661212048851336,5,2,60,0.06170733115976404,,COMPLETE
3,0.9384488545964259,2026-10-01 18:20:25.658696,2026-10-01 18:20:25.720054,0 days 00:00:00.061358,0.7873687420594125,0.04029695576831731,4,3,80,0.06077535193108606,,COMPLETE
4,0.9524519297106121,2026-10-01 18:20:25.720119,2026-10-01 18:20:25.815752,0 days 00:00:00.095633,0.8368209952651108,0.027575529238707534,3,2,140,0.05077415012051682,,COMPLETE
5,0.945621106213122,2026-10-01 18:20:25.815792,2026-10-01 18:20:25.907650,0 days 00:00:00.091858,0.7139351238159993,0.031674063118237505,4,3,160,0.06175691719901027,,COMPLETE
6,0.9237504716567572,2026-10-01 18:20:25.907686,2026-10-01 18:20:25.983961,0 days 00:00:00.076275,0.9896896099223678,0.029617890239950373,2,5,140,0.08026976800505427,,COMPLETE
7,0.9325688138084326,2026-10-01 18:20:25.983997,2026-10-01 18:20:26.057472,0 days 00:00:00.073475,0.8320457481218804,0.040331443383617174,2,4,160,0.06518197929525905,,COMPLETE
8,0.9253965621917365,2026-10-01 18:20:26.057506,2026-10-01 18:20:26.099794,0 days 00:00:00.042288,0.777633994480005,0.06254706073560744,2,5,60,0.06202881612094627,,COMPLETE
9,0.945621106213122,2026-10-01 18:20:26.099828,2026-10-01 18:20:26.179773,0 days 00:00:00.079945,0.7554563366576581,0.04099596104190036,4,3,140,0.06175691719901027,,COMPLETE
10,0.9456515142895071,2026-10-01 18:20:26.179809,2026-10-01 18:20:26.263639,0 days 00:00:00.083830,0.8739482807875667,0.06896890219000523,3,2,160,0.06170733115976404,"{""model__colsample_bytree"": 0.8739482807875667, ""model__learning_rate"": 0.06896890219000523, ""model__max_depth"": 3, ""model__min_child_weight"": 2, ""model__n_estimators"": 160}",COMPLETE
11,0.9456515142895071,2026-10-01 18:20:26.263677,2026-10-01 18:20:26.316981,0 days 00:00:00.053304,0.723360571520618,0.16509382582951543,4,3,100,0.06170733115976404,"{""model__colsample_bytree"": 0.723360571520618, ""model__learning_rate"": 0.16509382582951543, ""model__max_depth"": 4, ""model__min_child_weight"": 3, ""model__n_estimators"": 100}",COMPLETE
12,0.9456515142895071,2026-10-01 18:20:26.317018,2026-10-01 18:20:26.379943,0 days 00:00:00.062925,0.8541115655640419,0.0714616156149461,4,2,80,0.06170733115976404,"{""model__colsample_bytree"": 0.8541115655640419, ""model__learning_rate"": 0.0714616156149461, ""model__max_depth"": 4, ""model__min_child_weight"": 2, ""model__n_estimators"": 80}",COMPLETE
13,0.9325688138084326,2026-10-01 18:20:26.379980,2026-10-01 18:20:26.437208,0 days 00:00:00.057228,0.7761369591749928,0.11199769466546743,3,4,120,0.06518197929525905,"{""model__colsample_bytree"": 0.7761369591749928, ""model__learning_rate"": 0.11199769466546743, ""model__max_depth"": 3, ""model__min_child_weight"": 4, ""model__n_estimators"": 120}",COMPLETE
14,0.9172143668868425,2026-10-01 18:20:26.437244,2026-10-01 18:20:26.519153,0 days 00:00:00.081909,0.939481511811893,0.03314544459426849,3,2,100,0.0914925945150396,"{""model__colsample_bytree"": 0.939481511811893, ""model__learning_rate"": 0.03314544459426849, ""model__max_depth"": 3, ""model__min_child_weight"": 2, ""model__n_estimators"": 100}",COMPLETE
15,0.9456515142895071,2026-10-01 18:20:26.519191,2026-10-01 18:20:26.573530,0 days 00:00:00.054339,0.7935407661391398,0.18102309176375703,5,3,100,0.06170733115976404,"{""model__colsample_bytree"": 0.7935407661391398, ""model__learning_rate"": 0.18102309176375703, ""model__max_depth"": 5, ""model__min_child_weight"": 3, ""model__n_estimators"": 100}",COMPLETE
16,0.9456515142895071,2026-10-01 18:20:26.573565,2026-10-01 18:20:26.641573,0 days 00:00:00.068008,0.8203452469088676,0.1760793806432352,4,2,160,0.06170733115976404,"{""model__colsample_bytree"": 0.8203452469088676, ""model__learning_rate"": 0.1760793806432352, ""model__max_depth"": 4, ""model__min_child_weight"": 2, ""model__n_estimators"": 160}",COMPLETE
17,0.9456515142895071,2026-10-01 18:20:26.641609,2026-10-01 18:20:26.712097,0 days 00:00:00.070488,0.7519456732276805,0.04471534518572141,2,1,120,0.06170733115976404,"{""model__colsample_bytree"": 0.7519456732276805, ""model__learning_rate"": 0.04471534518572141, ""model__max_depth"": 2, ""model__min_child_weight"": 1, ""model__n_estimators"": 120}",COMPLETE
18,0.9304937272679208,2026-10-01 18:20:26.712134,2026-10-01 18:20:26.813346,0 days 00:00:00.101212,0.897478723620023,0.020909537291671366,3,3,140,0.05386603389489614,"{""model__colsample_bytree"": 0.897478723620023, ""model__learning_rate"": 0.020909537291671366, ""model__max_depth"": 3, ""model__min_child_weight"": 3, ""model__n_estimators"": 140}",COMPLETE
19,0.9456515142895071,2026-10-01 18:20:26.813383,2026-10-01 18:20:26.882215,0 days 00:00:00.068832,0.7743983517018416,0.15077115038472788,3,2,140,0.06170733115976404,"{""model__colsample_bytree"": 0.7743983517018416, ""model__learning_rate"": 0.15077115038472788, ""model__max_depth"": 3, ""model__min_child_weight"": 2, ""model__n_estimators"": 140}",COMPLETE
