number,value,datetime_start,datetime_complete,duration,params_model__max_depth,params_model__max_features,params_model__min_samples_leaf,params_model__n_estimators,user_attrs_desvio_cv,system_attrs_tpe:relative_params:0,state
0,0.9229415478225178,2026-10-01 18:20:20.110917,2026-10-01 18:20:20.359989,0 days 00:00:00.249072,3.0,0.7,1,100,0.05210700612515668,,COMPLETE
1,0.916575594088143,2026-10-01 18:20:20.360038,2026-10-01 18:20:20.715656,0 days 00:00:00.355618,5.0,1.0,1,140,0.04248617120944162,,COMPLETE
2,0.9229415478225178,2026-10-01 18:20:20.715703,2026-10-01 18:20:21.008685,0 days 00:00:00.292982,5.0,0.7,2,120,0.05210700612515668,,COMPLETE
3,0.9300461964594245,2026-10-01 18:20:21.008742,2026-10-01 18:20:21.292144,0 days 00:00:00.283402,8.0,0.7,1,120,0.04244729628351953,,COMPLETE
4,0.9229415478225178,2026-10-01 18:20:21.292184,2026-10-01 18:20:21.535019,0 days 00:00:00.242835,5.0,0.7,3,100,0.05210700612515668,,COMPLETE
5,0.9163826795701011,2026-10-01 18:20:21.535057,2026-10-01 18:20:21.859382,0 days 00:00:00.324325,8.0,0.7,5,140,0.06186431772554056,,COMPLETE
6,0.916575594088143,2026-10-01 18:20:21.859420,2026-10-01 18:20:22.203701,0 days 00:00:00.344281,3.0,1.0,2,140,0.04248617120944162,,COMPLETE
7,0.9524519297106121,2026-10-01 18:20:22.203740,2026-10-01 18:20:22.429486,0 days 00:00:00.225746,,sqrt,1,100,0.05077415012051682,,COMPLETE
8,0.9100167258357263,2026-10-01 18:20:22.429523,2026-10-01 18:20:22.585395,0 days 00:00:00.155872,3.0,1.0,1,60,0.05283813120108687,,COMPLETE
9,0.9163826795701011,2026-10-01 18:20:22.585431,2026-10-01 18:20:22.912030,0 days 00:00:00.326599,3.0,0.7,4,140,0.06186431772554056,,COMPLETE
10,0.9524519297106121,2026-10-01 18:20:22.912099,2026-10-01 18:20:23.103364,0 days 00:00:00.191265,,sqrt,4,80,0.05077415012051682,"{""model__max_depth"": null, ""model__max_features"": ""sqrt"", ""model__min_samples_leaf"": 4, ""model__n_estimators"": 80}",COMPLETE
11,0.9524519297106121,2026-10-01 18:20:23.103404,2026-10-01 18:20:23.292708,0 days 00:00:00.189304,,sqrt,1,80,0.05077415012051682,"{""model__max_depth"": null, ""model__max_features"": ""sqrt"", ""model__min_samples_leaf"": 1, ""model__n_estimators"": 80}",COMPLETE
12,0.9524519297106121,2026-10-01 18:20:23.292748,2026-10-01 18:20:23.519444,0 days 00:00:00.226696,,sqrt,5,100,0.05077415012051682,"{""model__max_depth"": null, ""model__max_features"": ""sqrt"", ""model__min_samples_leaf"": 5, ""model__n_estimators"": 100}",COMPLETE
13,0.8965499490598147,2026-10-01 18:20:23.519484,2026-10-01 18:20:23.674604,0 days 00:00:00.155120,,1.0,4,60,0.05456949270566003,"{""model__max_depth"": null, ""model__max_features"": 1.0, ""model__min_samples_leaf"": 4, ""model__n_estimators"": 60}",COMPLETE
14,0.9524519297106121,2026-10-01 18:20:23.674641,2026-10-01 18:20:23.858762,0 days 00:00:00.184121,8.0,sqrt,4,80,0.05077415012051682,"{""model__max_depth"": 8, ""model__max_features"": ""sqrt"", ""model__min_samples_leaf"": 4, ""model__n_estimators"": 80}",COMPLETE
15,0.9524519297106121,2026-10-01 18:20:23.858800,2026-10-01 18:20:24.219596,0 days 00:00:00.360796,,sqrt,1,160,0.05077415012051682,"{""model__max_depth"": null, ""model__max_features"": ""sqrt"", ""model__min_samples_leaf"": 1, ""model__n_estimators"": 160}",COMPLETE
16,0.9524519297106121,2026-10-01 18:20:24.219637,2026-10-01 18:20:24.449602,0 days 00:00:00.229965,,sqrt,3,100,0.05077415012051682,"{""model__max_depth"": null, ""model__max_features"": ""sqrt"", ""model__min_samples_leaf"": 3, ""model__n_estimators"": 100}",COMPLETE
17,0.938479262672811,2026-10-01 18:20:24.449641,2026-10-01 18:20:24.592882,0 days 00:00:00.143241,5.0,sqrt,3,60,0.06073035141021153,"{""model__max_depth"": 5, ""model__max_features"": ""sqrt"", ""model__min_samples_leaf"": 3, ""model__n_estimators"": 60}",COMPLETE
18,0.9524519297106121,2026-10-01 18:20:24.592919,2026-10-01 18:20:24.953317,0 days 00:00:00.360398,,sqrt,4,160,0.05077415012051682,"{""model__max_depth"": null, ""model__max_features"": ""sqrt"", ""model__min_samples_leaf"": 4, ""model__n_estimators"": 160}",COMPLETE
19,0.916575594088143,2026-10-01 18:20:24.953356,2026-10-01 18:20:25.253787,0 days 00:00:00.300431,,1.0,2,120,0.04248617120944162,"{""model__max_depth"": null, ""model__max_features"": 1.0, ""model__min_samples_leaf"": 2, ""model__n_estimators"": 120}",COMPLETE
