number,value,datetime_start,datetime_complete,duration,params_model__learning_rate,params_model__min_child_samples,params_model__n_estimators,params_model__num_leaves,user_attrs_desvio_cv,system_attrs_tpe:relative_params:0,state
0,0.9592279520594932,2026-10-01 18:20:26.999141,2026-10-01 18:20:27.042096,0 days 00:00:00.042955,0.1785436060870726,14,100,6,0.02125220797779492,,COMPLETE
1,0.9515382741189192,2026-10-01 18:20:27.042127,2026-10-01 18:20:27.076787,0 days 00:00:00.034660,0.02864339657822303,18,80,3,0.06806244143011941,,COMPLETE
2,0.9520557004427971,2026-10-01 18:20:27.076823,2026-10-01 18:20:27.125850,0 days 00:00:00.049027,0.10211806418789517,20,140,3,0.02498315613994191,,COMPLETE
3,0.935300314757021,2026-10-01 18:20:27.125887,2026-10-01 18:20:27.179151,0 days 00:00:00.053264,0.03261137469244295,7,160,3,0.0463925167311648,,COMPLETE
4,0.9288297030232514,2026-10-01 18:20:27.179189,2026-10-01 18:20:27.228413,0 days 00:00:00.049224,0.06695552617031866,9,100,5,0.04593445991673355,,COMPLETE
5,0.950777396318332,2026-10-01 18:20:27.228449,2026-10-01 18:20:27.285610,0 days 00:00:00.057161,0.027575529238707534,10,140,4,0.050225127575664795,,COMPLETE
6,0.9520557004427971,2026-10-01 18:20:27.285647,2026-10-01 18:20:27.329365,0 days 00:00:00.043718,0.12195678219063029,13,120,3,0.02498315613994191,,COMPLETE
7,0.9578956256587835,2026-10-01 18:20:27.329402,2026-10-01 18:20:27.394415,0 days 00:00:00.065013,0.022257706349811456,7,140,6,0.05718113020527851,,COMPLETE
8,0.9584760993363143,2026-10-01 18:20:27.394452,2026-10-01 18:20:27.430704,0 days 00:00:00.036252,0.1777933581403786,17,60,7,0.022022824389730012,,COMPLETE
9,0.9502183127183127,2026-10-01 18:20:27.430739,2026-10-01 18:20:27.479907,0 days 00:00:00.049168,0.025043908574120786,12,100,6,0.0703267730695379,,COMPLETE
10,0.9584760993363143,2026-10-01 18:20:27.479944,2026-10-01 18:20:27.527404,0 days 00:00:00.047460,0.1670215563609803,17,140,7,0.022022824389730012,"{""model__learning_rate"": 0.1670215563609803, ""model__min_child_samples"": 17, ""model__n_estimators"": 140, ""model__num_leaves"": 7}",COMPLETE
11,0.9520557004427971,2026-10-01 18:20:27.527440,2026-10-01 18:20:27.564195,0 days 00:00:00.036755,0.1975636353923265,20,60,7,0.02498315613994191,"{""model__learning_rate"": 0.1975636353923265, ""model__min_child_samples"": 20, ""model__n_estimators"": 60, ""model__num_leaves"": 7}",COMPLETE
12,0.9660041787942184,2026-10-01 18:20:27.564232,2026-10-01 18:20:27.604559,0 days 00:00:00.040327,0.12529994967460403,13,60,7,0.043397673094785406,"{""model__learning_rate"": 0.12529994967460403, ""model__min_child_samples"": 13, ""model__n_estimators"": 60, ""model__num_leaves"": 7}",COMPLETE
13,0.9660041787942184,2026-10-01 18:20:27.604595,2026-10-01 18:20:27.644324,0 days 00:00:00.039729,0.1133842315583452,12,60,7,0.043397673094785406,"{""model__learning_rate"": 0.1133842315583452, ""model__min_child_samples"": 12, ""model__n_estimators"": 60, ""model__num_leaves"": 7}",COMPLETE
14,0.9596318929652262,2026-10-01 18:20:27.644362,2026-10-01 18:20:27.684631,0 days 00:00:00.040269,0.10457078730656812,13,60,7,0.054218439082001066,"{""model__learning_rate"": 0.10457078730656812, ""model__min_child_samples"": 13, ""model__n_estimators"": 60, ""model__num_leaves"": 7}",COMPLETE
15,0.9584760993363143,2026-10-01 18:20:27.684667,2026-10-01 18:20:27.725602,0 days 00:00:00.040935,0.17089745349108856,11,60,7,0.022022824389730012,"{""model__learning_rate"": 0.17089745349108856, ""model__min_child_samples"": 11, ""model__n_estimators"": 60, ""model__num_leaves"": 7}",COMPLETE
16,0.9660041787942184,2026-10-01 18:20:27.725639,2026-10-01 18:20:27.774924,0 days 00:00:00.049285,0.062013058968481936,15,80,6,0.043397673094785406,"{""model__learning_rate"": 0.062013058968481936, ""model__min_child_samples"": 15, ""model__n_estimators"": 80, ""model__num_leaves"": 6}",COMPLETE
17,0.9513083932650995,2026-10-01 18:20:27.774965,2026-10-01 18:20:27.816859,0 days 00:00:00.041894,0.069927025027179,10,60,7,0.05067349058086919,"{""model__learning_rate"": 0.069927025027179, ""model__min_child_samples"": 10, ""model__n_estimators"": 60, ""model__num_leaves"": 7}",COMPLETE
18,0.9665130149001117,2026-10-01 18:20:27.816897,2026-10-01 18:20:27.864226,0 days 00:00:00.047329,0.1499992666483151,6,100,7,0.024339446935768345,"{""model__learning_rate"": 0.1499992666483151, ""model__min_child_samples"": 6, ""model__n_estimators"": 100, ""model__num_leaves"": 7}",COMPLETE
19,0.9665130149001117,2026-10-01 18:20:27.864264,2026-10-01 18:20:27.914385,0 days 00:00:00.050121,0.09779227439993253,6,80,7,0.024339446935768345,"{""model__learning_rate"": 0.09779227439993253, ""model__min_child_samples"": 6, ""model__n_estimators"": 80, ""model__num_leaves"": 7}",COMPLETE
